<?xml version="1.0" encoding="UTF-8"?>
<Site BuildName="(empty)"
	BuildStamp="20230925-1202-Experimental"
	Name="ferbin"
	Generator="ctest-3.27.4"
	CompilerName="/usr/bin/c++"
	CompilerVersion="11.4.0"
	OSName="Linux"
	Hostname="ferbin"
	OSRelease="5.15.0-83-generic"
	OSVersion="#92-Ubuntu SMP Mon Aug 14 09:30:42 UTC 2023"
	OSPlatform="x86_64"
	Is64Bits="1"
	VendorString="GenuineIntel"
	VendorID="Intel Corporation"
	FamilyID="6"
	ModelID="140"
	ProcessorCacheSize="8192"
	NumberOfLogicalCPU="8"
	NumberOfPhysicalCPU="4"
	TotalVirtualMemory="2047"
	TotalPhysicalMemory="7581"
	LogicalProcessorsPerPhysical="2"
	ProcessorClockFrequency="1367.37"
	>
	<Testing>
		<StartDateTime>Sep 25 19:09 IST</StartDateTime>
		<StartTestTime>1695649184</StartTestTime>
		<TestList/>
		<EndDateTime>Sep 25 19:09 IST</EndDateTime>
		<EndTestTime>1695649184</EndTestTime>
		<ElapsedMinutes>0</ElapsedMinutes>
	</Testing>
</Site>
