[0.039s] Invoking command in '/home/kanja-koduki/techonvoy_ws/build/turtlesim_multi': CMAKE_PREFIX_PATH=${CMAKE_PREFIX_PATH}:/home/kanja-koduki/ortega_ws/install/ortega_bot:/opt/ros/humble /home/kanja-koduki/.local/bin/cmake --build /home/kanja-koduki/techonvoy_ws/build/turtlesim_multi -- -j8 -l8
[0.172s] [ 50%] [32mBuilding CXX object CMakeFiles/single_drive.dir/src/single_drive.cpp.o[0m
[4.900s] In file included from [01m[K/opt/ros/humble/include/rclcpp/rclcpp/client.hpp:40[m[K,
[4.900s]                  from [01m[K/opt/ros/humble/include/rclcpp/rclcpp/callback_group.hpp:24[m[K,
[4.900s]                  from [01m[K/opt/ros/humble/include/rclcpp/rclcpp/any_executable.hpp:20[m[K,
[4.900s]                  from [01m[K/opt/ros/humble/include/rclcpp/rclcpp/memory_strategy.hpp:25[m[K,
[4.900s]                  from [01m[K/opt/ros/humble/include/rclcpp/rclcpp/memory_strategies.hpp:18[m[K,
[4.900s]                  from [01m[K/opt/ros/humble/include/rclcpp/rclcpp/executor_options.hpp:20[m[K,
[4.900s]                  from [01m[K/opt/ros/humble/include/rclcpp/rclcpp/executor.hpp:37[m[K,
[4.900s]                  from [01m[K/opt/ros/humble/include/rclcpp/rclcpp/executors/multi_threaded_executor.hpp:25[m[K,
[4.901s]                  from [01m[K/opt/ros/humble/include/rclcpp/rclcpp/executors.hpp:21[m[K,
[4.901s]                  from [01m[K/opt/ros/humble/include/rclcpp/rclcpp/rclcpp.hpp:155[m[K,
[4.901s]                  from [01m[K/home/kanja-koduki/techonvoy_ws/src/turtlesim_multi/src/single_drive.cpp:6[m[K:
[4.901s] [01m[K/home/kanja-koduki/techonvoy_ws/src/turtlesim_multi/src/single_drive.cpp:[m[K In member function â€˜[01m[Kvoid MinimalPublisher::timer_callback()[m[Kâ€™:
[4.901s] [01m[K/home/kanja-koduki/techonvoy_ws/src/turtlesim_multi/src/single_drive.cpp:30:7:[m[K [01;31m[Kerror: [m[Kexpected â€˜[01m[K;[m[Kâ€™ before â€˜[01m[Kdo[m[Kâ€™
[4.901s]    30 |       [01;31m[KRCLCPP_INFO[m[K(this->get_logger(), "Publishing: Linear X Velocity");
[4.901s]       |       [01;31m[K^~~~~~~~~~~[m[K
[6.531s] gmake[2]: *** [CMakeFiles/single_drive.dir/build.make:76: CMakeFiles/single_drive.dir/src/single_drive.cpp.o] Error 1
[6.531s] gmake[1]: *** [CMakeFiles/Makefile2:137: CMakeFiles/single_drive.dir/all] Error 2
[6.531s] gmake: *** [Makefile:146: all] Error 2
[6.542s] Invoked command in '/home/kanja-koduki/techonvoy_ws/build/turtlesim_multi' returned '2': CMAKE_PREFIX_PATH=${CMAKE_PREFIX_PATH}:/home/kanja-koduki/ortega_ws/install/ortega_bot:/opt/ros/humble /home/kanja-koduki/.local/bin/cmake --build /home/kanja-koduki/techonvoy_ws/build/turtlesim_multi -- -j8 -l8
